<?xml version="1.0" encoding="UTF-8"?>
<testsuites name="Mocha Tests" time="25.014" tests="18" failures="0">
  <testsuite name="Root Suite" timestamp="2023-11-09T09:46:03" tests="0" file="cypress\e2e\2-advanced-examples\traversal.cy.js" time="0.000" failures="0">
  </testsuite>
  <testsuite name="Traversal" timestamp="2023-11-09T09:46:03" tests="18" time="25.000" failures="0">
    <testcase name="Traversal .children() - get child DOM elements" time="1.289" classname=".children() - get child DOM elements">
    </testcase>
    <testcase name="Traversal .closest() - get closest ancestor DOM element" time="0.593" classname=".closest() - get closest ancestor DOM element">
    </testcase>
    <testcase name="Traversal .eq() - get a DOM element at a specific index" time="1.016" classname=".eq() - get a DOM element at a specific index">
    </testcase>
    <testcase name="Traversal .filter() - get DOM elements that match the selector" time="0.826" classname=".filter() - get DOM elements that match the selector">
    </testcase>
    <testcase name="Traversal .find() - get descendant DOM elements of the selector" time="1.954" classname=".find() - get descendant DOM elements of the selector">
    </testcase>
    <testcase name="Traversal .first() - get first DOM element" time="1.011" classname=".first() - get first DOM element">
    </testcase>
    <testcase name="Traversal .last() - get last DOM element" time="0.943" classname=".last() - get last DOM element">
    </testcase>
    <testcase name="Traversal .next() - get next sibling DOM element" time="1.576" classname=".next() - get next sibling DOM element">
    </testcase>
    <testcase name="Traversal .nextAll() - get all next sibling DOM elements" time="1.684" classname=".nextAll() - get all next sibling DOM elements">
    </testcase>
    <testcase name="Traversal .nextUntil() - get next sibling DOM elements until next el" time="1.025" classname=".nextUntil() - get next sibling DOM elements until next el">
    </testcase>
    <testcase name="Traversal .not() - remove DOM elements from set of DOM elements" time="0.818" classname=".not() - remove DOM elements from set of DOM elements">
    </testcase>
    <testcase name="Traversal .parent() - get parent DOM element from DOM elements" time="0.835" classname=".parent() - get parent DOM element from DOM elements">
    </testcase>
    <testcase name="Traversal .parents() - get parent DOM elements from DOM elements" time="0.943" classname=".parents() - get parent DOM elements from DOM elements">
    </testcase>
    <testcase name="Traversal .parentsUntil() - get parent DOM elements from DOM elements until el" time="1.913" classname=".parentsUntil() - get parent DOM elements from DOM elements until el">
    </testcase>
    <testcase name="Traversal .prev() - get previous sibling DOM element" time="0.780" classname=".prev() - get previous sibling DOM element">
    </testcase>
    <testcase name="Traversal .prevAll() - get all previous sibling DOM elements" time="0.791" classname=".prevAll() - get all previous sibling DOM elements">
    </testcase>
    <testcase name="Traversal .prevUntil() - get all previous sibling DOM elements until el" time="1.779" classname=".prevUntil() - get all previous sibling DOM elements until el">
    </testcase>
    <testcase name="Traversal .siblings() - get all sibling DOM elements" time="1.105" classname=".siblings() - get all sibling DOM elements">
    </testcase>
  </testsuite>
</testsuites>