<?xml version="1.0" encoding="UTF-8"?>
<testsuites name="Mocha Tests" time="29.567" tests="6" failures="0">
  <testsuite name="Root Suite" timestamp="2023-11-09T09:44:50" tests="0" file="cypress\e2e\2-advanced-examples\network_requests.cy.js" time="0.000" failures="0">
  </testsuite>
  <testsuite name="Network Requests" timestamp="2023-11-09T09:44:50" tests="6" time="29.554" failures="0">
    <testcase name="Network Requests cy.request() - make an XHR request" time="4.225" classname="cy.request() - make an XHR request">
    </testcase>
    <testcase name="Network Requests cy.request() - verify response using BDD syntax" time="4.925" classname="cy.request() - verify response using BDD syntax">
    </testcase>
    <testcase name="Network Requests cy.request() with query parameters" time="4.206" classname="cy.request() with query parameters">
    </testcase>
    <testcase name="Network Requests cy.request() - pass result to the second request" time="4.116" classname="cy.request() - pass result to the second request">
    </testcase>
    <testcase name="Network Requests cy.request() - save response in the shared test context" time="3.310" classname="cy.request() - save response in the shared test context">
    </testcase>
    <testcase name="Network Requests cy.intercept() - route responses to matching requests" time="4.833" classname="cy.intercept() - route responses to matching requests">
    </testcase>
  </testsuite>
</testsuites>