<?xml version="1.0" encoding="UTF-8"?>
<testsuites name="Mocha Tests" time="22.027" tests="10" failures="1">
  <testsuite name="Root Suite" timestamp="2023-11-09T09:43:06" tests="0" file="cypress\e2e\2-advanced-examples\cypress_api.cy.js" time="0.000" failures="0">
  </testsuite>
  <testsuite name="Cypress APIs" timestamp="2023-11-09T09:43:06" tests="0" time="0.000" failures="0">
  </testsuite>
  <testsuite name="Cypress.Commands" timestamp="2023-11-09T09:43:06" tests="1" time="4.851" failures="0">
    <testcase name="Cypress APIs Cypress.Commands .add() - create a custom command" time="1.908" classname=".add() - create a custom command">
    </testcase>
  </testsuite>
  <testsuite name="Cypress.Cookies" timestamp="2023-11-09T09:43:11" tests="1" time="1.213" failures="0">
    <testcase name="Cypress APIs Cypress.Cookies .debug() - enable or disable debugging" time="1.144" classname=".debug() - enable or disable debugging">
    </testcase>
  </testsuite>
  <testsuite name="Cypress.arch" timestamp="2023-11-09T09:43:12" tests="1" time="2.052" failures="0">
    <testcase name="Cypress APIs Cypress.arch Get CPU architecture name of underlying OS" time="1.910" classname="Get CPU architecture name of underlying OS">
    </testcase>
  </testsuite>
  <testsuite name="Cypress.config()" timestamp="2023-11-09T09:43:14" tests="1" time="2.822" failures="1">
    <testcase name="Cypress APIs Cypress.config() Get and set configuration options" time="0.000" classname="Get and set configuration options">
      <failure message="expected { Object (setupNodeEvents, baseUrl, ...) } to have property &apos;baseUrl&apos; of null, but got &apos;https://qc-test.atmatech.id/api&apos;" type="AssertionError"><![CDATA[AssertionError: expected { Object (setupNodeEvents, baseUrl, ...) } to have property 'baseUrl' of null, but got 'https://qc-test.atmatech.id/api'
    at Context.eval (webpack:///./cypress/e2e/2-advanced-examples/cypress_api.cy.js:77:31)

      + expected - actual:  failed to generate Mocha diff
]]></failure>
    </testcase>
  </testsuite>
  <testsuite name="Cypress.dom" timestamp="2023-11-09T09:43:17" tests="1" time="1.285" failures="0">
    <testcase name="Cypress APIs Cypress.dom .isHidden() - determine if a DOM element is hidden" time="1.180" classname=".isHidden() - determine if a DOM element is hidden">
    </testcase>
  </testsuite>
  <testsuite name="Cypress.env()" timestamp="2023-11-09T09:43:18" tests="1" time="1.399" failures="0">
    <testcase name="Cypress APIs Cypress.env() Get environment variables" time="1.231" classname="Get environment variables">
    </testcase>
  </testsuite>
  <testsuite name="Cypress.log" timestamp="2023-11-09T09:43:19" tests="1" time="1.536" failures="0">
    <testcase name="Cypress APIs Cypress.log Control what is printed to the Command Log" time="1.419" classname="Control what is printed to the Command Log">
    </testcase>
  </testsuite>
  <testsuite name="Cypress.platform" timestamp="2023-11-09T09:43:21" tests="1" time="2.896" failures="0">
    <testcase name="Cypress APIs Cypress.platform Get underlying OS name" time="2.748" classname="Get underlying OS name">
    </testcase>
  </testsuite>
  <testsuite name="Cypress.version" timestamp="2023-11-09T09:43:24" tests="1" time="2.190" failures="0">
    <testcase name="Cypress APIs Cypress.version Get current version of Cypress being run" time="2.015" classname="Get current version of Cypress being run">
    </testcase>
  </testsuite>
  <testsuite name="Cypress.spec" timestamp="2023-11-09T09:43:26" tests="1" time="1.740" failures="0">
    <testcase name="Cypress APIs Cypress.spec Get current spec information" time="1.544" classname="Get current spec information">
    </testcase>
  </testsuite>
</testsuites>