<?xml version="1.0" encoding="UTF-8"?>
<testsuites name="Mocha Tests" time="3.233" tests="9" failures="0">
  <testsuite name="Root Suite" timestamp="2023-11-11T05:57:37" tests="0" file="cypress\e2e\api_test.cy.js" time="0.000" failures="0">
  </testsuite>
  <testsuite name="API Testing ATMATECH" timestamp="2023-11-11T05:57:37" tests="0" time="0.000" failures="0">
  </testsuite>
  <testsuite name="Login Endpoint" timestamp="2023-11-11T05:57:37" tests="2" time="1.054" failures="0">
    <testcase name="API Testing ATMATECH Login Endpoint Positif Case: Login with valid credential" time="0.680" classname="Positif Case: Login with valid credential">
    </testcase>
    <testcase name="API Testing ATMATECH Login Endpoint Negatif Case: Login with invalid credential" time="0.187" classname="Negatif Case: Login with invalid credential">
    </testcase>
  </testsuite>
  <testsuite name="User Detail Login" timestamp="2023-11-11T05:57:38" tests="3" time="0.971" failures="0">
    <testcase name="API Testing ATMATECH User Detail Login Positif Case: Get User Detail with valid access token" time="0.175" classname="Positif Case: Get User Detail with valid access token">
    </testcase>
    <testcase name="API Testing ATMATECH User Detail Login Negative Case: Access API User detail without token" time="0.161" classname="Negative Case: Access API User detail without token">
    </testcase>
    <testcase name="API Testing ATMATECH User Detail Login Negatif Case: Unauthorized access to Detail" time="0.296" classname="Negatif Case: Unauthorized access to Detail">
    </testcase>
  </testsuite>
  <testsuite name="Users Endpoint" timestamp="2023-11-11T05:57:39" tests="4" time="1.162" failures="0">
    <testcase name="API Testing ATMATECH Users Endpoint Positive Case: Get data User based on criteria" time="0.249" classname="Positive Case: Get data User based on criteria">
    </testcase>
    <testcase name="API Testing ATMATECH Users Endpoint Negative Case: Access API user list without token" time="0.129" classname="Negative Case: Access API user list without token">
    </testcase>
    <testcase name="API Testing ATMATECH Users Endpoint Negative Case: Access API user list with invalid token" time="0.170" classname="Negative Case: Access API user list with invalid token">
    </testcase>
    <testcase name="API Testing ATMATECH Users Endpoint Negative Case: Use invalid parameter" time="0.146" classname="Negative Case: Use invalid parameter">
    </testcase>
  </testsuite>
</testsuites>