<?xml version="1.0" encoding="UTF-8"?>
<testsuites name="Mocha Tests" time="2.443" tests="6" failures="1" skipped="1">
  <testsuite name="Root Suite" timestamp="2023-11-10T14:43:13" tests="0" file="cypress\e2e\api_test.cy.js" time="0.000" failures="0">
  </testsuite>
  <testsuite name="API Testing ATMATECH" timestamp="2023-11-10T14:43:13" tests="0" time="0.000" failures="0">
  </testsuite>
  <testsuite name="Login Endpoint" timestamp="2023-11-10T14:43:13" tests="2" time="1.002" failures="0">
    <testcase name="API Testing ATMATECH Login Endpoint Positif Case: Login with valid credential" time="0.739" classname="Positif Case: Login with valid credential">
    </testcase>
    <testcase name="API Testing ATMATECH Login Endpoint Negatif Case: Login with invalid credential" time="0.154" classname="Negatif Case: Login with invalid credential">
    </testcase>
  </testsuite>
  <testsuite name="Me Endpoint" timestamp="2023-11-10T14:43:14" tests="4" time="1.406" failures="1">
    <testcase name="API Testing ATMATECH Me Endpoint Detail Profile | Positif Case: Get User Detail with valid access token" time="0.186" classname="Detail Profile | Positif Case: Get User Detail with valid access token">
    </testcase>
    <testcase name="API Testing ATMATECH Me Endpoint Detail Profile | Negatif Case: Unauthorized access to Detail" time="0.130" classname="Detail Profile | Negatif Case: Unauthorized access to Detail">
    </testcase>
    <testcase name="API Testing ATMATECH Me Endpoint Edit Profil | Edit User Profile Successfully" time="0.000" classname="Edit Profil | Edit User Profile Successfully">
      <failure message="expected 400 to equal 200" type="AssertionError"><![CDATA[AssertionError: expected 400 to equal 200
    at Context.eval (webpack:///./cypress/e2e/api_test.cy.js:89:43)

      + expected - actual

      -400
      +200
      ]]></failure>
    </testcase>
  </testsuite>
</testsuites>