<?xml version="1.0" encoding="UTF-8"?>
<testsuites name="Mocha Tests" time="2.664" tests="9" failures="1">
  <testsuite name="Root Suite" timestamp="2023-11-11T05:56:06" tests="0" file="cypress\e2e\api_test.cy.js" time="0.000" failures="0">
  </testsuite>
  <testsuite name="API Testing ATMATECH" timestamp="2023-11-11T05:56:06" tests="0" time="0.000" failures="0">
  </testsuite>
  <testsuite name="Login Endpoint" timestamp="2023-11-11T05:56:06" tests="2" time="0.780" failures="0">
    <testcase name="API Testing ATMATECH Login Endpoint Positif Case: Login with valid credential" time="0.558" classname="Positif Case: Login with valid credential">
    </testcase>
    <testcase name="API Testing ATMATECH Login Endpoint Negatif Case: Login with invalid credential" time="0.131" classname="Negatif Case: Login with invalid credential">
    </testcase>
  </testsuite>
  <testsuite name="User Detail Login" timestamp="2023-11-11T05:56:07" tests="3" time="0.577" failures="0">
    <testcase name="API Testing ATMATECH User Detail Login Positif Case: Get User Detail with valid access token" time="0.141" classname="Positif Case: Get User Detail with valid access token">
    </testcase>
    <testcase name="API Testing ATMATECH User Detail Login Negative Case: Access API User detail without token" time="0.130" classname="Negative Case: Access API User detail without token">
    </testcase>
    <testcase name="API Testing ATMATECH User Detail Login Negatif Case: Unauthorized access to Detail" time="0.149" classname="Negatif Case: Unauthorized access to Detail">
    </testcase>
  </testsuite>
  <testsuite name="Users Endpoint" timestamp="2023-11-11T05:56:08" tests="4" time="1.288" failures="1">
    <testcase name="API Testing ATMATECH Users Endpoint Positive Case: Get data User based on criteria" time="0.160" classname="Positive Case: Get data User based on criteria">
    </testcase>
    <testcase name="API Testing ATMATECH Users Endpoint Negative Case: Access API user list without token" time="0.117" classname="Negative Case: Access API user list without token">
    </testcase>
    <testcase name="API Testing ATMATECH Users Endpoint Negative Case: Access API user list with invalid token" time="0.151" classname="Negative Case: Access API user list with invalid token">
    </testcase>
    <testcase name="API Testing ATMATECH Users Endpoint Negative Case: Use invalid parameter" time="0.000" classname="Negative Case: Use invalid parameter">
      <failure message="invalidParameters is not defined" type="ReferenceError"><![CDATA[ReferenceError: invalidParameters is not defined
    at Context.eval (webpack:///./cypress/e2e/api_test.cy.js:198:19)]]></failure>
    </testcase>
  </testsuite>
</testsuites>