<?xml version="1.0" encoding="UTF-8"?>
<testsuites name="Mocha Tests" time="0.967" tests="2" failures="0">
  <testsuite name="Root Suite" timestamp="2023-11-10T05:39:46" tests="0" file="cypress\e2e\api_test.cy.js" time="0.000" failures="0">
  </testsuite>
  <testsuite name="API Testing ATMATECH" timestamp="2023-11-10T05:39:46" tests="0" time="0.000" failures="0">
  </testsuite>
  <testsuite name="Login Endpoint" timestamp="2023-11-10T05:39:46" tests="2" time="0.955" failures="0">
    <testcase name="API Testing ATMATECH Login Endpoint Positif Case: Login with valid credential" time="0.770" classname="Positif Case: Login with valid credential">
    </testcase>
    <testcase name="API Testing ATMATECH Login Endpoint Negatif Case: Login with invalid credential" time="0.117" classname="Negatif Case: Login with invalid credential">
    </testcase>
  </testsuite>
</testsuites>