<?xml version="1.0" encoding="UTF-8"?>
<testsuites name="Mocha Tests" time="11.156" tests="6" failures="0">
  <testsuite name="Root Suite" timestamp="2023-11-09T09:40:55" tests="0" file="cypress\e2e\1-getting-started\todo.cy.js" time="0.000" failures="0">
  </testsuite>
  <testsuite name="example to-do app" timestamp="2023-11-09T09:40:55" tests="3" time="0.000" failures="0">
    <testcase name="example to-do app displays two todo items by default" time="1.702" classname="displays two todo items by default">
    </testcase>
    <testcase name="example to-do app can add new todo items" time="1.240" classname="can add new todo items">
    </testcase>
    <testcase name="example to-do app can check off an item as completed" time="0.862" classname="can check off an item as completed">
    </testcase>
  </testsuite>
  <testsuite name="with a checked task" timestamp="2023-11-09T09:41:02" tests="3" time="4.095" failures="0">
    <testcase name="example to-do app with a checked task can filter for uncompleted tasks" time="0.801" classname="can filter for uncompleted tasks">
    </testcase>
    <testcase name="example to-do app with a checked task can filter for completed tasks" time="1.436" classname="can filter for completed tasks">
    </testcase>
    <testcase name="example to-do app with a checked task can delete all completed tasks" time="1.646" classname="can delete all completed tasks">
    </testcase>
  </testsuite>
</testsuites>