<?xml version="1.0" encoding="UTF-8"?>
<testsuites name="Mocha Tests" time="4.041" tests="5" failures="0">
  <testsuite name="Root Suite" timestamp="2023-11-10T10:30:13" tests="0" file="cypress\e2e\api_test.cy.js" time="0.000" failures="0">
  </testsuite>
  <testsuite name="API Testing ATMATECH" timestamp="2023-11-10T10:30:13" tests="0" time="0.000" failures="0">
  </testsuite>
  <testsuite name="Login Endpoint" timestamp="2023-11-10T10:30:13" tests="2" time="1.396" failures="0">
    <testcase name="API Testing ATMATECH Login Endpoint Positif Case: Login with valid credential" time="0.937" classname="Positif Case: Login with valid credential">
    </testcase>
    <testcase name="API Testing ATMATECH Login Endpoint Negatif Case: Login with invalid credential" time="0.163" classname="Negatif Case: Login with invalid credential">
    </testcase>
  </testsuite>
  <testsuite name="Me Endpoint" timestamp="2023-11-10T10:30:14" tests="3" time="2.603" failures="0">
    <testcase name="API Testing ATMATECH Me Endpoint Detail Profile | Positif Case: Get User Detail with valid access token" time="0.164" classname="Detail Profile | Positif Case: Get User Detail with valid access token">
    </testcase>
    <testcase name="API Testing ATMATECH Me Endpoint Detail Profile | Negatif Case: Unauthorized access to Detail" time="0.169" classname="Detail Profile | Negatif Case: Unauthorized access to Detail">
    </testcase>
    <testcase name="API Testing ATMATECH Me Endpoint Edit Profil | Edit User Profile Successfully" time="0.493" classname="Edit Profil | Edit User Profile Successfully">
    </testcase>
  </testsuite>
</testsuites>