<?xml version="1.0" encoding="UTF-8"?>
<testsuites name="Mocha Tests" time="1.218" tests="3" failures="1">
  <testsuite name="Root Suite" timestamp="2023-11-10T05:52:32" tests="0" file="cypress\e2e\api_test.cy.js" time="0.000" failures="0">
  </testsuite>
  <testsuite name="API Testing ATMATECH" timestamp="2023-11-10T05:52:32" tests="0" time="0.000" failures="0">
  </testsuite>
  <testsuite name="Login Endpoint" timestamp="2023-11-10T05:52:32" tests="2" time="0.644" failures="0">
    <testcase name="API Testing ATMATECH Login Endpoint Positif Case: Login with valid credential" time="0.475" classname="Positif Case: Login with valid credential">
    </testcase>
    <testcase name="API Testing ATMATECH Login Endpoint Negatif Case: Login with invalid credential" time="0.108" classname="Negatif Case: Login with invalid credential">
    </testcase>
  </testsuite>
  <testsuite name="Me Endpoint" timestamp="2023-11-10T05:52:33" tests="1" time="0.564" failures="1">
    <testcase name="API Testing ATMATECH Me Endpoint Positif Case: Get User Detail with valid access token" time="0.000" classname="Positif Case: Get User Detail with valid access token">
      <failure message="accessToken is not defined" type="ReferenceError"><![CDATA[ReferenceError: accessToken is not defined
    at Context.eval (webpack:///./cypress/e2e/api_test.cy.js:49:46)]]></failure>
    </testcase>
  </testsuite>
</testsuites>