<?xml version="1.0" encoding="UTF-8"?>
<testsuites name="Mocha Tests" time="2.835" tests="7" failures="1">
  <testsuite name="Root Suite" timestamp="2023-11-11T05:31:02" tests="0" file="cypress\e2e\api_test.cy.js" time="0.000" failures="0">
  </testsuite>
  <testsuite name="API Testing ATMATECH" timestamp="2023-11-11T05:31:02" tests="0" time="0.000" failures="0">
  </testsuite>
  <testsuite name="Login Endpoint" timestamp="2023-11-11T05:31:02" tests="2" time="0.945" failures="0">
    <testcase name="API Testing ATMATECH Login Endpoint Positif Case: Login with valid credential" time="0.677" classname="Positif Case: Login with valid credential">
    </testcase>
    <testcase name="API Testing ATMATECH Login Endpoint Negatif Case: Login with invalid credential" time="0.159" classname="Negatif Case: Login with invalid credential">
    </testcase>
  </testsuite>
  <testsuite name="User Detail Login" timestamp="2023-11-11T05:31:03" tests="3" time="0.782" failures="0">
    <testcase name="API Testing ATMATECH User Detail Login Positif Case: Get User Detail with valid access token" time="0.373" classname="Positif Case: Get User Detail with valid access token">
    </testcase>
    <testcase name="API Testing ATMATECH User Detail Login Negative Case: Access API User detail without token" time="0.155" classname="Negative Case: Access API User detail without token">
    </testcase>
    <testcase name="API Testing ATMATECH User Detail Login Negatif Case: Unauthorized access to Detail" time="0.116" classname="Negatif Case: Unauthorized access to Detail">
    </testcase>
  </testsuite>
  <testsuite name="Users Endpoint" timestamp="2023-11-11T05:31:04" tests="2" time="1.090" failures="1">
    <testcase name="API Testing ATMATECH Users Endpoint Positive Case: Get data User based on criteria" time="0.132" classname="Positive Case: Get data User based on criteria">
    </testcase>
    <testcase name="API Testing ATMATECH Users Endpoint Negative Case: Access API user list without token" time="0.000" classname="Negative Case: Access API user list without token">
      <failure message="expected 404 to equal 401" type="AssertionError"><![CDATA[AssertionError: expected 404 to equal 401
    at Context.eval (webpack:///./cypress/e2e/api_test.cy.js:163:43)

      + expected - actual

      -404
      +401
      ]]></failure>
    </testcase>
  </testsuite>
</testsuites>