<?xml version="1.0" encoding="UTF-8"?>
<testsuites name="Mocha Tests" time="13.454" tests="5" failures="0">
  <testsuite name="Root Suite" timestamp="2023-11-09T09:46:32" tests="0" file="cypress\e2e\2-advanced-examples\utilities.cy.js" time="0.000" failures="0">
  </testsuite>
  <testsuite name="Utilities" timestamp="2023-11-09T09:46:32" tests="5" time="13.440" failures="0">
    <testcase name="Utilities Cypress._ - call a lodash method" time="1.625" classname="Cypress._ - call a lodash method">
    </testcase>
    <testcase name="Utilities Cypress.$ - call a jQuery method" time="2.147" classname="Cypress.$ - call a jQuery method">
    </testcase>
    <testcase name="Utilities Cypress.Blob - blob utilities and base64 string conversion" time="1.718" classname="Cypress.Blob - blob utilities and base64 string conversion">
    </testcase>
    <testcase name="Utilities Cypress.minimatch - test out glob patterns against strings" time="1.890" classname="Cypress.minimatch - test out glob patterns against strings">
    </testcase>
    <testcase name="Utilities Cypress.Promise - instantiate a bluebird promise" time="3.145" classname="Cypress.Promise - instantiate a bluebird promise">
    </testcase>
  </testsuite>
</testsuites>