<?xml version="1.0" encoding="UTF-8"?>
<testsuites name="Mocha Tests" time="7.897" tests="1" failures="0">
  <testsuite name="Root Suite" timestamp="2023-11-09T09:46:48" tests="0" file="cypress\e2e\2-advanced-examples\viewport.cy.js" time="0.000" failures="0">
  </testsuite>
  <testsuite name="Viewport" timestamp="2023-11-09T09:46:48" tests="1" time="7.885" failures="0">
    <testcase name="Viewport cy.viewport() - set the viewport size and dimension" time="5.148" classname="cy.viewport() - set the viewport size and dimension">
    </testcase>
  </testsuite>
</testsuites>