<?xml version="1.0" encoding="UTF-8"?>
<testsuites name="Mocha Tests" time="12.478" tests="2" failures="0">
  <testsuite name="Root Suite" timestamp="2023-11-09T09:47:00" tests="0" file="cypress\e2e\2-advanced-examples\waiting.cy.js" time="0.000" failures="0">
  </testsuite>
  <testsuite name="Waiting" timestamp="2023-11-09T09:47:00" tests="2" time="12.464" failures="0">
    <testcase name="Waiting cy.wait() - wait for a specific amount of time" time="6.031" classname="cy.wait() - wait for a specific amount of time">
    </testcase>
    <testcase name="Waiting cy.wait() - wait for a specific route" time="3.209" classname="cy.wait() - wait for a specific route">
    </testcase>
  </testsuite>
</testsuites>