<?xml version="1.0" encoding="UTF-8"?>
<testsuites name="Mocha Tests" time="1.121" tests="4" failures="0">
  <testsuite name="Root Suite" timestamp="2023-11-10T06:28:17" tests="0" file="cypress\e2e\api_test.cy.js" time="0.000" failures="0">
  </testsuite>
  <testsuite name="API Testing ATMATECH" timestamp="2023-11-10T06:28:17" tests="0" time="0.000" failures="0">
  </testsuite>
  <testsuite name="Login Endpoint" timestamp="2023-11-10T06:28:17" tests="2" time="0.767" failures="0">
    <testcase name="API Testing ATMATECH Login Endpoint Positif Case: Login with valid credential" time="0.584" classname="Positif Case: Login with valid credential">
    </testcase>
    <testcase name="API Testing ATMATECH Login Endpoint Negatif Case: Login with invalid credential" time="0.125" classname="Negatif Case: Login with invalid credential">
    </testcase>
  </testsuite>
  <testsuite name="Me Endpoint" timestamp="2023-11-10T06:28:18" tests="2" time="0.341" failures="0">
    <testcase name="API Testing ATMATECH Me Endpoint Detail | Positif Case: Get User Detail with valid access token" time="0.127" classname="Detail | Positif Case: Get User Detail with valid access token">
    </testcase>
    <testcase name="API Testing ATMATECH Me Endpoint Detail | Negatif Case: Unauthorized access to /me endpoint" time="0.146" classname="Detail | Negatif Case: Unauthorized access to /me endpoint">
    </testcase>
  </testsuite>
</testsuites>